2017-06-06 19:10:22 - PHP Notice:  Undefined variable: thmsoftcrocus_sale_label in C:\xampp\htdocs\sobsomoy\catalog\view\theme\crocus3\template\extension\module\featured.tpl on line 24
2017-06-06 19:10:22 - PHP Notice:  Undefined variable: thmsoftcrocus_quickview_button in C:\xampp\htdocs\sobsomoy\catalog\view\theme\crocus3\template\extension\module\featured.tpl on line 31
2017-06-06 19:10:22 - PHP Notice:  Undefined variable: thmsoftcrocus_sale_label in C:\xampp\htdocs\sobsomoy\catalog\view\theme\crocus3\template\extension\module\featured.tpl on line 24
2017-06-06 19:10:22 - PHP Notice:  Undefined variable: thmsoftcrocus_quickview_button in C:\xampp\htdocs\sobsomoy\catalog\view\theme\crocus3\template\extension\module\featured.tpl on line 31
2017-06-06 19:10:22 - PHP Notice:  Undefined variable: thmsoftcrocus_sale_label in C:\xampp\htdocs\sobsomoy\catalog\view\theme\crocus3\template\extension\module\featured.tpl on line 24
2017-06-06 19:10:22 - PHP Notice:  Undefined variable: thmsoftcrocus_quickview_button in C:\xampp\htdocs\sobsomoy\catalog\view\theme\crocus3\template\extension\module\featured.tpl on line 31
2017-06-06 19:10:22 - PHP Notice:  Undefined variable: thmsoftcrocus_sale_label in C:\xampp\htdocs\sobsomoy\catalog\view\theme\crocus3\template\extension\module\featured.tpl on line 24
2017-06-06 19:10:22 - PHP Notice:  Undefined variable: thmsoftcrocus_quickview_button in C:\xampp\htdocs\sobsomoy\catalog\view\theme\crocus3\template\extension\module\featured.tpl on line 31
2017-06-06 19:10:22 - PHP Notice:  Undefined variable: thmsoftblog_status in C:\xampp\htdocs\sobsomoy\catalog\view\theme\crocus3\template\common\footer.tpl on line 30
2017-06-06 19:10:22 - PHP Notice:  Undefined variable: newslettersubscription_status in C:\xampp\htdocs\sobsomoy\catalog\view\theme\crocus3\template\common\footer.tpl on line 54
2017-06-06 19:10:22 - PHP Notice:  Undefined variable: thmsoftcrocus_footer_cb in C:\xampp\htdocs\sobsomoy\catalog\view\theme\crocus3\template\common\footer.tpl on line 59
2017-06-06 19:10:22 - PHP Notice:  Undefined variable: text_follow_us in C:\xampp\htdocs\sobsomoy\catalog\view\theme\crocus3\template\common\footer.tpl on line 66
2017-06-06 19:10:22 - PHP Notice:  Undefined variable: facebookurl in C:\xampp\htdocs\sobsomoy\catalog\view\theme\crocus3\template\common\footer.tpl on line 68
2017-06-06 19:10:22 - PHP Notice:  Undefined variable: twitterurl in C:\xampp\htdocs\sobsomoy\catalog\view\theme\crocus3\template\common\footer.tpl on line 71
2017-06-06 19:10:22 - PHP Notice:  Undefined variable: gplusurl in C:\xampp\htdocs\sobsomoy\catalog\view\theme\crocus3\template\common\footer.tpl on line 74
2017-06-06 19:10:22 - PHP Notice:  Undefined variable: rssurl in C:\xampp\htdocs\sobsomoy\catalog\view\theme\crocus3\template\common\footer.tpl on line 77
2017-06-06 19:10:22 - PHP Notice:  Undefined variable: pintresturl in C:\xampp\htdocs\sobsomoy\catalog\view\theme\crocus3\template\common\footer.tpl on line 80
2017-06-06 19:10:22 - PHP Notice:  Undefined variable: linkedinurl in C:\xampp\htdocs\sobsomoy\catalog\view\theme\crocus3\template\common\footer.tpl on line 83
2017-06-06 19:10:22 - PHP Notice:  Undefined variable: youtubeurl in C:\xampp\htdocs\sobsomoy\catalog\view\theme\crocus3\template\common\footer.tpl on line 86
2017-06-06 19:10:22 - PHP Notice:  Undefined variable: thmsoftcrocus_address in C:\xampp\htdocs\sobsomoy\catalog\view\theme\crocus3\template\common\footer.tpl on line 102
2017-06-06 19:10:22 - PHP Notice:  Undefined variable: thmsoftcrocus_phone in C:\xampp\htdocs\sobsomoy\catalog\view\theme\crocus3\template\common\footer.tpl on line 106
2017-06-06 19:10:22 - PHP Notice:  Undefined variable: thmsoftcrocus_email in C:\xampp\htdocs\sobsomoy\catalog\view\theme\crocus3\template\common\footer.tpl on line 113
2017-06-06 19:10:22 - PHP Notice:  Undefined variable: manufacturers in C:\xampp\htdocs\sobsomoy\catalog\view\theme\crocus3\template\common\footer.tpl on line 124
2017-06-06 19:10:22 - PHP Notice:  Undefined variable: search in C:\xampp\htdocs\sobsomoy\catalog\view\theme\crocus3\template\common\footer.tpl on line 158
2017-06-06 19:10:22 - PHP Notice:  Undefined variable: text_search in C:\xampp\htdocs\sobsomoy\catalog\view\theme\crocus3\template\common\footer.tpl on line 158
2017-06-06 19:10:22 - PHP Notice:  Undefined variable: thmsoftcrocus_home_option in C:\xampp\htdocs\sobsomoy\catalog\view\theme\crocus3\template\common\footer.tpl on line 164
2017-06-06 19:10:22 - PHP Notice:  Undefined variable: categories1 in C:\xampp\htdocs\sobsomoy\catalog\view\theme\crocus3\template\common\footer.tpl on line 169
2017-06-06 19:10:22 - PHP Warning:  Invalid argument supplied for foreach() in C:\xampp\htdocs\sobsomoy\catalog\view\theme\crocus3\template\common\footer.tpl on line 169
2017-06-06 19:10:22 - PHP Notice:  Undefined variable: checkout in C:\xampp\htdocs\sobsomoy\catalog\view\theme\crocus3\template\common\footer.tpl on line 194
2017-06-06 19:10:22 - PHP Notice:  Undefined variable: text_checkout in C:\xampp\htdocs\sobsomoy\catalog\view\theme\crocus3\template\common\footer.tpl on line 194
2017-06-06 19:10:22 - PHP Notice:  Undefined variable: text_checkout in C:\xampp\htdocs\sobsomoy\catalog\view\theme\crocus3\template\common\footer.tpl on line 194
2017-06-06 19:10:22 - PHP Notice:  Undefined variable: thmsoftblog_status in C:\xampp\htdocs\sobsomoy\catalog\view\theme\crocus3\template\common\footer.tpl on line 195
2017-06-06 19:10:22 - PHP Notice:  Undefined variable: logged in C:\xampp\htdocs\sobsomoy\catalog\view\theme\crocus3\template\common\footer.tpl on line 198
2017-06-06 19:10:22 - PHP Notice:  Undefined variable: login in C:\xampp\htdocs\sobsomoy\catalog\view\theme\crocus3\template\common\footer.tpl on line 199
2017-06-06 19:10:22 - PHP Notice:  Undefined variable: text_login in C:\xampp\htdocs\sobsomoy\catalog\view\theme\crocus3\template\common\footer.tpl on line 199
2017-06-06 19:10:22 - PHP Notice:  Undefined variable: thmsoftcrocus_scroll_totop in C:\xampp\htdocs\sobsomoy\catalog\view\theme\crocus3\template\common\footer.tpl on line 209
2017-06-06 19:10:22 - PHP Notice:  Undefined variable: text_count in C:\xampp\htdocs\sobsomoy\catalog\view\theme\crocus3\template\common\cart.tpl on line 2
2017-06-06 19:10:22 - PHP Notice:  Undefined variable: cart_heading in C:\xampp\htdocs\sobsomoy\catalog\view\theme\crocus3\template\common\cart.tpl on line 2
2017-06-06 19:10:22 - PHP Notice:  Undefined variable: text_total in C:\xampp\htdocs\sobsomoy\catalog\view\theme\crocus3\template\common\cart.tpl on line 2
2017-06-06 19:10:22 - PHP Notice:  Undefined variable: cart_heading in C:\xampp\htdocs\sobsomoy\catalog\view\theme\crocus3\template\common\cart.tpl on line 3
2017-06-06 19:10:22 - PHP Notice:  Undefined variable: thmsoft_theme in C:\xampp\htdocs\sobsomoy\catalog\view\theme\crocus3\template\common\header.tpl on line 29
2017-06-06 19:10:22 - PHP Notice:  Undefined variable: thmsoft_theme in C:\xampp\htdocs\sobsomoy\catalog\view\theme\crocus3\template\common\header.tpl on line 30
2017-06-06 19:10:22 - PHP Notice:  Undefined variable: thmsoft_theme in C:\xampp\htdocs\sobsomoy\catalog\view\theme\crocus3\template\common\header.tpl on line 33
2017-06-06 19:10:22 - PHP Notice:  Undefined variable: thmsoft_theme in C:\xampp\htdocs\sobsomoy\catalog\view\theme\crocus3\template\common\header.tpl on line 34
2017-06-06 19:10:22 - PHP Notice:  Undefined variable: thmsoft_theme in C:\xampp\htdocs\sobsomoy\catalog\view\theme\crocus3\template\common\header.tpl on line 35
2017-06-06 19:10:22 - PHP Notice:  Undefined variable: thmsoft_theme in C:\xampp\htdocs\sobsomoy\catalog\view\theme\crocus3\template\common\header.tpl on line 42
2017-06-06 19:10:22 - PHP Notice:  Undefined variable: thmsoft_theme in C:\xampp\htdocs\sobsomoy\catalog\view\theme\crocus3\template\common\header.tpl on line 43
2017-06-06 19:10:22 - PHP Notice:  Undefined variable: thmsoft_theme in C:\xampp\htdocs\sobsomoy\catalog\view\theme\crocus3\template\common\header.tpl on line 52
2017-06-06 19:10:22 - PHP Notice:  Undefined variable: thmsoft_theme in C:\xampp\htdocs\sobsomoy\catalog\view\theme\crocus3\template\common\header.tpl on line 53
2017-06-06 19:10:22 - PHP Notice:  Undefined variable: thmsoft_theme in C:\xampp\htdocs\sobsomoy\catalog\view\theme\crocus3\template\common\header.tpl on line 54
2017-06-06 19:10:22 - PHP Notice:  Undefined variable: thmsoft_theme in C:\xampp\htdocs\sobsomoy\catalog\view\theme\crocus3\template\common\header.tpl on line 56
2017-06-06 19:10:22 - PHP Notice:  Undefined variable: thmsoft_theme in C:\xampp\htdocs\sobsomoy\catalog\view\theme\crocus3\template\common\header.tpl on line 57
2017-06-06 19:10:22 - PHP Notice:  Undefined variable: thmsoftcrocus_fonttransform in C:\xampp\htdocs\sobsomoy\catalog\view\theme\crocus3\template\common\header.tpl on line 71
2017-06-06 19:10:22 - PHP Notice:  Undefined variable: thmsoftcrocus_sale_labelcolor in C:\xampp\htdocs\sobsomoy\catalog\view\theme\crocus3\template\common\header.tpl on line 77
2017-06-06 19:10:22 - PHP Notice:  Undefined variable: thmsoftcrocus_body_bg_ed in C:\xampp\htdocs\sobsomoy\catalog\view\theme\crocus3\template\common\header.tpl on line 81
2017-06-06 19:10:22 - PHP Notice:  Undefined variable: thmsoftcrocus_fontcolor_ed in C:\xampp\htdocs\sobsomoy\catalog\view\theme\crocus3\template\common\header.tpl on line 83
2017-06-06 19:10:22 - PHP Notice:  Undefined variable: thmsoftcrocus_linkcolor_ed in C:\xampp\htdocs\sobsomoy\catalog\view\theme\crocus3\template\common\header.tpl on line 85
2017-06-06 19:10:22 - PHP Notice:  Undefined variable: thmsoftcrocus_linkhovercolor_ed in C:\xampp\htdocs\sobsomoy\catalog\view\theme\crocus3\template\common\header.tpl on line 87
2017-06-06 19:10:22 - PHP Notice:  Undefined variable: thmsoftcrocus_headerbg_ed in C:\xampp\htdocs\sobsomoy\catalog\view\theme\crocus3\template\common\header.tpl on line 92
2017-06-06 19:10:22 - PHP Notice:  Undefined variable: thmsoftcrocus_headerlinkcolor_ed in C:\xampp\htdocs\sobsomoy\catalog\view\theme\crocus3\template\common\header.tpl on line 94
2017-06-06 19:10:22 - PHP Notice:  Undefined variable: thmsoftcrocus_headerlinkhovercolor_ed in C:\xampp\htdocs\sobsomoy\catalog\view\theme\crocus3\template\common\header.tpl on line 96
2017-06-06 19:10:22 - PHP Notice:  Undefined variable: thmsoftcrocus_headerclcolor_ed in C:\xampp\htdocs\sobsomoy\catalog\view\theme\crocus3\template\common\header.tpl on line 98
2017-06-06 19:10:22 - PHP Notice:  Undefined variable: thmsoftcrocus_mmbgcolor_ed in C:\xampp\htdocs\sobsomoy\catalog\view\theme\crocus3\template\common\header.tpl on line 105
2017-06-06 19:10:22 - PHP Notice:  Undefined variable: thmsoftcrocus_mmlinkscolor_ed in C:\xampp\htdocs\sobsomoy\catalog\view\theme\crocus3\template\common\header.tpl on line 109
2017-06-06 19:10:22 - PHP Notice:  Undefined variable: thmsoftcrocus_mmlinkshovercolor_ed in C:\xampp\htdocs\sobsomoy\catalog\view\theme\crocus3\template\common\header.tpl on line 112
2017-06-06 19:10:22 - PHP Notice:  Undefined variable: thmsoftcrocus_mmslinkscolor_ed in C:\xampp\htdocs\sobsomoy\catalog\view\theme\crocus3\template\common\header.tpl on line 114
2017-06-06 19:10:22 - PHP Notice:  Undefined variable: thmsoftcrocus_mmslinkshovercolor_ed in C:\xampp\htdocs\sobsomoy\catalog\view\theme\crocus3\template\common\header.tpl on line 117
2017-06-06 19:10:22 - PHP Notice:  Undefined variable: thmsoftcrocus_buttoncolor_ed in C:\xampp\htdocs\sobsomoy\catalog\view\theme\crocus3\template\common\header.tpl on line 121
2017-06-06 19:10:22 - PHP Notice:  Undefined variable: thmsoftcrocus_buttonhovercolor_ed in C:\xampp\htdocs\sobsomoy\catalog\view\theme\crocus3\template\common\header.tpl on line 123
2017-06-06 19:10:22 - PHP Notice:  Undefined variable: thmsoftcrocus_pricecolor_ed in C:\xampp\htdocs\sobsomoy\catalog\view\theme\crocus3\template\common\header.tpl on line 128
2017-06-06 19:10:22 - PHP Notice:  Undefined variable: thmsoftcrocus_oldpricecolor_ed in C:\xampp\htdocs\sobsomoy\catalog\view\theme\crocus3\template\common\header.tpl on line 130
2017-06-06 19:10:22 - PHP Notice:  Undefined variable: thmsoftcrocus_newpricecolor_ed in C:\xampp\htdocs\sobsomoy\catalog\view\theme\crocus3\template\common\header.tpl on line 132
2017-06-06 19:10:22 - PHP Notice:  Undefined variable: thmsoftcrocus_footerbg_ed in C:\xampp\htdocs\sobsomoy\catalog\view\theme\crocus3\template\common\header.tpl on line 136
2017-06-06 19:10:22 - PHP Notice:  Undefined variable: thmsoftcrocus_footerlinkcolor_ed in C:\xampp\htdocs\sobsomoy\catalog\view\theme\crocus3\template\common\header.tpl on line 138
2017-06-06 19:10:22 - PHP Notice:  Undefined variable: thmsoftcrocus_footerlinkhovercolor_ed in C:\xampp\htdocs\sobsomoy\catalog\view\theme\crocus3\template\common\header.tpl on line 141
2017-06-06 19:10:22 - PHP Notice:  Undefined variable: thmsoftcrocus_powerbycolor_ed in C:\xampp\htdocs\sobsomoy\catalog\view\theme\crocus3\template\common\header.tpl on line 143
2017-06-06 19:10:22 - PHP Notice:  Undefined variable: text_welcome in C:\xampp\htdocs\sobsomoy\catalog\view\theme\crocus3\template\common\header.tpl on line 160
2017-06-06 19:10:22 - PHP Notice:  Undefined variable: thmsoftblog_status in C:\xampp\htdocs\sobsomoy\catalog\view\theme\crocus3\template\common\header.tpl on line 172
2017-06-06 19:10:22 - PHP Notice:  Undefined variable: text_information in C:\xampp\htdocs\sobsomoy\catalog\view\theme\crocus3\template\common\header.tpl on line 175
2017-06-06 19:10:22 - PHP Notice:  Undefined variable: informations in C:\xampp\htdocs\sobsomoy\catalog\view\theme\crocus3\template\common\header.tpl on line 178
2017-06-06 19:10:22 - PHP Notice:  Undefined variable: informations in C:\xampp\htdocs\sobsomoy\catalog\view\theme\crocus3\template\common\header.tpl on line 178
2017-06-06 19:10:22 - PHP Warning:  Invalid argument supplied for foreach() in C:\xampp\htdocs\sobsomoy\catalog\view\theme\crocus3\template\common\header.tpl on line 178
2017-06-06 19:10:22 - PHP Notice:  Undefined variable: compare_href in C:\xampp\htdocs\sobsomoy\catalog\view\theme\crocus3\template\common\header.tpl on line 219
2017-06-06 19:10:22 - PHP Notice:  Undefined variable: cat_id in C:\xampp\htdocs\sobsomoy\catalog\view\theme\crocus3\template\common\header.tpl on line 241
2017-06-06 19:10:22 - PHP Notice:  Undefined variable: cbim_data in C:\xampp\htdocs\sobsomoy\catalog\view\theme\crocus3\template\common\header.tpl on line 242
2017-06-06 19:10:22 - PHP Notice:  Undefined variable: text_menu in C:\xampp\htdocs\sobsomoy\catalog\view\theme\crocus3\template\common\header.tpl on line 269
2017-06-06 19:10:22 - PHP Notice:  Undefined variable: thmsoftcrocus_home_option in C:\xampp\htdocs\sobsomoy\catalog\view\theme\crocus3\template\common\header.tpl on line 273
2017-06-06 19:10:22 - PHP Notice:  Undefined variable: categories1 in C:\xampp\htdocs\sobsomoy\catalog\view\theme\crocus3\template\common\header.tpl on line 276
2017-06-06 19:10:22 - PHP Warning:  Invalid argument supplied for foreach() in C:\xampp\htdocs\sobsomoy\catalog\view\theme\crocus3\template\common\header.tpl on line 276
2017-06-06 19:10:22 - PHP Notice:  Undefined variable: thmsoftcrocus_menubar_cb in C:\xampp\htdocs\sobsomoy\catalog\view\theme\crocus3\template\common\header.tpl on line 373
2017-06-06 19:10:22 - PHP Notice:  Undefined variable: slider_left in C:\xampp\htdocs\sobsomoy\catalog\view\theme\crocus3\template\common\home.tpl on line 11
2017-06-06 19:10:22 - PHP Notice:  Undefined variable: slider_right in C:\xampp\htdocs\sobsomoy\catalog\view\theme\crocus3\template\common\home.tpl on line 14
2017-06-06 19:10:22 - PHP Notice:  Undefined variable: slider_bottom in C:\xampp\htdocs\sobsomoy\catalog\view\theme\crocus3\template\common\home.tpl on line 20
2017-06-06 19:10:22 - PHP Notice:  Undefined variable: top_left in C:\xampp\htdocs\sobsomoy\catalog\view\theme\crocus3\template\common\home.tpl on line 25
2017-06-06 19:10:22 - PHP Notice:  Undefined variable: top_right in C:\xampp\htdocs\sobsomoy\catalog\view\theme\crocus3\template\common\home.tpl on line 28
2017-06-06 19:39:19 - PHP Notice:  Undefined variable: thmsoftcrocus_footer_fb in C:\xampp\htdocs\sobsomoy\catalog\view\theme\crocus\template\common\footer.tpl on line 46
2017-06-06 19:39:20 - PHP Notice:  Undefined variable: pclass in C:\xampp\htdocs\sobsomoy\catalog\view\theme\crocus\template\common\header.tpl on line 323
2017-06-06 19:39:20 - PHP Notice:  Undefined variable: pclass in C:\xampp\htdocs\sobsomoy\catalog\view\theme\crocus\template\common\header.tpl on line 323
2017-06-06 19:39:20 - PHP Notice:  Undefined variable: pclass in C:\xampp\htdocs\sobsomoy\catalog\view\theme\crocus\template\common\header.tpl on line 323
2017-06-06 19:39:20 - PHP Notice:  Undefined variable: pclass in C:\xampp\htdocs\sobsomoy\catalog\view\theme\crocus\template\common\header.tpl on line 323
2017-06-06 19:39:20 - PHP Notice:  Undefined variable: thmsoftcrocus_footer_cb in C:\xampp\htdocs\sobsomoy\catalog\view\theme\crocus\template\common\header.tpl on line 460
2017-06-06 19:39:21 - PHP Notice:  Undefined variable: pclass in C:\xampp\htdocs\sobsomoy\catalog\view\theme\crocus\template\common\header.tpl on line 323
2017-06-06 19:39:21 - PHP Notice:  Undefined variable: pclass in C:\xampp\htdocs\sobsomoy\catalog\view\theme\crocus\template\common\header.tpl on line 323
2017-06-06 19:39:21 - PHP Notice:  Undefined variable: pclass in C:\xampp\htdocs\sobsomoy\catalog\view\theme\crocus\template\common\header.tpl on line 323
2017-06-06 19:39:21 - PHP Notice:  Undefined variable: pclass in C:\xampp\htdocs\sobsomoy\catalog\view\theme\crocus\template\common\header.tpl on line 323
2017-06-06 19:39:21 - PHP Notice:  Undefined variable: thmsoftcrocus_footer_cb in C:\xampp\htdocs\sobsomoy\catalog\view\theme\crocus\template\common\header.tpl on line 460
