2017-06-10 22:26:15 - MOD: Modification Default

FILE: system/engine/action.php
REGEX: ~(require|include)(_once)?\(([^)]+)~
LINE: 84

FILE: system/engine/loader.php
REGEX: ~(require|include)(_once)?\(([^)]+)~
LINE: 87
LINE: 154
LINE: 166
LINE: 214

FILE: system/library/config.php
REGEX: ~(require|include)(_once)?\(([^)]+)~
LINE: 23

FILE: system/library/language.php
REGEX: ~(require|include)(_once)?\(([^)]+)~
LINE: 71
LINE: 73
LINE: 82
LINE: 84
LINE: 93
LINE: 95

FILE: system/library/template/php.php
REGEX: ~(require|include)(_once)?\(([^)]+)~
LINE: 18

FILE: system/library/template/tiwg.php
REGEX: ~(require|include)(_once)?\(([^)]+)~
LINE: 24
----------------------------------------------------------------
MOD: Add link to top categories menu

FILE: catalog/view/theme/crocus/template/common/header.tpl
CODE: <li><a href="<?php echo $category['href']; ?>"><?php echo $category['name']; ?></a></li>
NOT FOUND - OPERATION SKIPPED!

FILE: catalog/view/theme/crocus1/template/common/header.tpl
CODE: <li><a href="<?php echo $category['href']; ?>"><?php echo $category['name']; ?></a></li>
NOT FOUND - OPERATION SKIPPED!

FILE: catalog/view/theme/crocus2/template/common/header.tpl
CODE: <li><a href="<?php echo $category['href']; ?>"><?php echo $category['name']; ?></a></li>
NOT FOUND - OPERATION SKIPPED!

FILE: catalog/view/theme/crocus3/template/common/header.tpl
CODE: <li><a href="<?php echo $category['href']; ?>"><?php echo $category['name']; ?></a></li>
NOT FOUND - OPERATION SKIPPED!

FILE: catalog/view/theme/default/template/common/header.tpl
CODE: <li><a href="<?php echo $category['href']; ?>"><?php echo $category['name']; ?></a></li>
LINE: 111
----------------------------------------------------------------
